Vivado Simulator 2020.2
Copyright 1986-1999, 2001-2020 Xilinx, Inc. All Rights Reserved.
Running: C:/Xilinx/Vivado/2020.2/bin/unwrapped/win64.o/xelab.exe -wto 3238c41cc0434f2283762a900b50d9a3 --incr --debug typical --relax --mt 2 -L xil_defaultlib -L uvm -L unisims_ver -L unimacro_ver -L secureip --snapshot tb_rv32i_behav xil_defaultlib.tb_rv32i xil_defaultlib.glbl -log elaborate.log 
Using 2 slave threads.
Starting static elaboration
Pass Through NonSizing Optimizer
WARNING: [VRFC 10-3291] enum literal 'DBG_SB' width (3) must match enum width (4) [D:/project_RV32I/RV32I/RV32I.srcs/sources_1/new/rv32i_control_unit.sv:82]
WARNING: [VRFC 10-3291] enum literal 'DBG_SH' width (3) must match enum width (4) [D:/project_RV32I/RV32I/RV32I.srcs/sources_1/new/rv32i_control_unit.sv:83]
WARNING: [VRFC 10-3291] enum literal 'DBG_SW' width (3) must match enum width (4) [D:/project_RV32I/RV32I/RV32I.srcs/sources_1/new/rv32i_control_unit.sv:84]
WARNING: [VRFC 10-3823] variable 'drdata' might have multiple concurrent drivers [D:/project_RV32I/RV32I/RV32I.srcs/sources_1/new/data_mem.sv:44]
Completed static elaboration
Starting simulation data flow analysis
Completed simulation data flow analysis
Time Resolution for simulation is 1ps
Compiling module xil_defaultlib.instraction_mem
Compiling module xil_defaultlib.rv32i_control_unit
Compiling module xil_defaultlib.mux_wb
Compiling module xil_defaultlib.register_file
Compiling module xil_defaultlib.alu
Compiling module xil_defaultlib.mux_2x1
Compiling module xil_defaultlib.imm_extend
Compiling module xil_defaultlib.program_counter
Compiling module xil_defaultlib.rv32i_datapath
Compiling module xil_defaultlib.rv32i_cpu
Compiling module xil_defaultlib.data_mem
Compiling module xil_defaultlib.top_rv32i_soc
Compiling module xil_defaultlib.tb_rv32i
Compiling module xil_defaultlib.glbl
Built simulation snapshot tb_rv32i_behav
